<?xml version="1.0" encoding="utf-8"?><testsuites name="pytest tests"><testsuite name="pytest" errors="0" failures="0" skipped="0" tests="18" time="0.157" timestamp="2026-07-06T20:47:53.472481+00:00" hostname="agent-env-7a9f7c47-2316-47f1-998a-24f6a1544802"><testcase classname="tests.test_kb_chunker.TestHappyPath" name="test_15_sections_all_short" time="0.001" /><testcase classname="tests.test_kb_chunker.TestHappyPath" name="test_section_metadata_is_carried" time="0.000" /><testcase classname="tests.test_kb_chunker.TestSubSplitLongSections" name="test_long_section_sub_splits_on_h2" time="0.001" /><testcase classname="tests.test_kb_chunker.TestSubSplitLongSections" name="test_short_section_does_not_sub_split" time="0.000" /><testcase classname="tests.test_kb_chunker.TestMalformed" name="test_missing_sections_flags_malformed_but_still_indexes" time="0.000" /><testcase classname="tests.test_kb_chunker.TestMalformed" name="test_empty_body_flags_malformed" time="0.000" /><testcase classname="tests.test_kb_chunker.TestMalformed" name="test_no_headings_flags_malformed" time="0.000" /><testcase classname="tests.test_kb_chunker.TestEdgeCases" name="test_heading_only_section_is_skipped" time="0.000" /><testcase classname="tests.test_kb_chunker.TestEdgeCases" name="test_trailing_footer_rule_is_trimmed" time="0.000" /><testcase classname="tests.test_kb_chunker.TestEdgeCases" name="test_heading_wording_variance_is_ignored" time="0.000" /><testcase classname="tests.test_ask_service.TestOutOfScopeGate" name="test_low_score_refuses_without_calling_claude" time="0.001" /><testcase classname="tests.test_ask_service.TestOutOfScopeGate" name="test_no_chunks_at_all_treated_as_out_of_scope" time="0.000" /><testcase classname="tests.test_ask_service.TestHappyPath" name="test_answer_and_sources_populated" time="0.000" /><testcase classname="tests.test_ask_service.TestHappyPath" name="test_tenant_check_populates_when_model_returns_it" time="0.000" /><testcase classname="tests.test_ask_service.TestHappyPath" name="test_model_citing_unknown_ref_id_is_dropped_silently" time="0.000" /><testcase classname="tests.test_ask_service.TestHappyPath" name="test_no_model_citations_falls_back_to_top_retrieved" time="0.000" /><testcase classname="tests.test_ask_service.TestErrorPaths" name="test_retrieval_error_returns_graceful_message" time="0.000" /><testcase classname="tests.test_ask_service.TestErrorPaths" name="test_generation_error_still_returns_retrieved_sources" time="0.001" /></testsuite></testsuites>