<?xml version="1.0" encoding="utf-8"?><testsuites name="pytest tests"><testsuite name="pytest" errors="0" failures="0" skipped="15" tests="22" time="1.342" timestamp="2026-07-06T20:47:36.618786+00:00" hostname="agent-env-7a9f7c47-2316-47f1-998a-24f6a1544802"><testcase classname="tests.test_kb_section_diagnostic.TestSectionDiagnosticHappyPath" name="test_returns_expected_shape" time="0.929"><skipped type="pytest.skip" message="Article 'TA-CAREER-KB-001' not present in this DB (data dependency; tests that require seeded KB content skip on empty CI DBs).">/app/backend/tests/test_kb_section_diagnostic.py:100: Article 'TA-CAREER-KB-001' not present in this DB (data dependency; tests that require seeded KB content skip on empty CI DBs).</skipped></testcase><testcase classname="tests.test_kb_section_diagnostic.TestSectionDiagnosticHappyPath" name="test_ta_career_001_parses_cleanly" time="0.000"><skipped type="pytest.skip" message="Article 'TA-CAREER-KB-001' not present in this DB (data dependency; tests that require seeded KB content skip on empty CI DBs).">/app/backend/tests/test_kb_section_diagnostic.py:100: Article 'TA-CAREER-KB-001' not present in this DB (data dependency; tests that require seeded KB content skip on empty CI DBs).</skipped></testcase><testcase classname="tests.test_kb_section_diagnostic.TestSectionDiagnosticHappyPath" name="test_all_ta_career_articles_parse_to_15[TA-CAREER-KB-001]" time="0.000"><skipped type="pytest.skip" message="Article 'TA-CAREER-KB-001' not present in this DB (data dependency; tests that require seeded KB content skip on empty CI DBs).">/app/backend/tests/test_kb_section_diagnostic.py:100: Article 'TA-CAREER-KB-001' not present in this DB (data dependency; tests that require seeded KB content skip on empty CI DBs).</skipped></testcase><testcase classname="tests.test_kb_section_diagnostic.TestSectionDiagnosticHappyPath" name="test_all_ta_career_articles_parse_to_15[TA-CAREER-KB-002]" time="0.000"><skipped type="pytest.skip" message="Article 'TA-CAREER-KB-002' not present in this DB (data dependency; tests that require seeded KB content skip on empty CI DBs).">/app/backend/tests/test_kb_section_diagnostic.py:100: Article 'TA-CAREER-KB-002' not present in this DB (data dependency; tests that require seeded KB content skip on empty CI DBs).</skipped></testcase><testcase classname="tests.test_kb_section_diagnostic.TestSectionDiagnosticHappyPath" name="test_all_ta_career_articles_parse_to_15[TA-CAREER-KB-003]" time="0.000"><skipped type="pytest.skip" message="Article 'TA-CAREER-KB-003' not present in this DB (data dependency; tests that require seeded KB content skip on empty CI DBs).">/app/backend/tests/test_kb_section_diagnostic.py:100: Article 'TA-CAREER-KB-003' not present in this DB (data dependency; tests that require seeded KB content skip on empty CI DBs).</skipped></testcase><testcase classname="tests.test_kb_section_diagnostic.TestSectionDiagnosticHappyPath" name="test_all_ta_career_articles_parse_to_15[TA-CAREER-KB-004]" time="0.000"><skipped type="pytest.skip" message="Article 'TA-CAREER-KB-004' not present in this DB (data dependency; tests that require seeded KB content skip on empty CI DBs).">/app/backend/tests/test_kb_section_diagnostic.py:100: Article 'TA-CAREER-KB-004' not present in this DB (data dependency; tests that require seeded KB content skip on empty CI DBs).</skipped></testcase><testcase classname="tests.test_kb_section_diagnostic.TestSectionDiagnosticHappyPath" name="test_all_ta_career_articles_parse_to_15[TA-CAREER-KB-005]" time="0.000"><skipped type="pytest.skip" message="Article 'TA-CAREER-KB-005' not present in this DB (data dependency; tests that require seeded KB content skip on empty CI DBs).">/app/backend/tests/test_kb_section_diagnostic.py:100: Article 'TA-CAREER-KB-005' not present in this DB (data dependency; tests that require seeded KB content skip on empty CI DBs).</skipped></testcase><testcase classname="tests.test_kb_section_diagnostic.TestSectionDiagnosticHappyPath" name="test_all_ta_career_articles_parse_to_15[TA-CAREER-KB-006]" time="0.000"><skipped type="pytest.skip" message="Article 'TA-CAREER-KB-006' not present in this DB (data dependency; tests that require seeded KB content skip on empty CI DBs).">/app/backend/tests/test_kb_section_diagnostic.py:100: Article 'TA-CAREER-KB-006' not present in this DB (data dependency; tests that require seeded KB content skip on empty CI DBs).</skipped></testcase><testcase classname="tests.test_kb_section_diagnostic.TestSectionDiagnosticAuth" name="test_unauthenticated_returns_401" time="0.045" /><testcase classname="tests.test_kb_section_diagnostic.TestSectionDiagnosticAuth" name="test_bad_token_returns_401" time="0.045" /><testcase classname="tests.test_kb_section_diagnostic.TestSectionDiagnosticNotFound" name="test_missing_ref_returns_404" time="0.054" /><testcase classname="tests.test_kb_section_diagnostic.TestChunkerRegression" name="test_chunker_parses_15_sections[TA-CAREER-KB-001]" time="0.000"><skipped type="pytest.skip" message="Article 'TA-CAREER-KB-001' not present in this DB (data dependency; tests that require seeded KB content skip on empty CI DBs).">/app/backend/tests/test_kb_section_diagnostic.py:100: Article 'TA-CAREER-KB-001' not present in this DB (data dependency; tests that require seeded KB content skip on empty CI DBs).</skipped></testcase><testcase classname="tests.test_kb_section_diagnostic.TestChunkerRegression" name="test_chunker_parses_15_sections[TA-CAREER-KB-002]" time="0.000"><skipped type="pytest.skip" message="Article 'TA-CAREER-KB-002' not present in this DB (data dependency; tests that require seeded KB content skip on empty CI DBs).">/app/backend/tests/test_kb_section_diagnostic.py:100: Article 'TA-CAREER-KB-002' not present in this DB (data dependency; tests that require seeded KB content skip on empty CI DBs).</skipped></testcase><testcase classname="tests.test_kb_section_diagnostic.TestChunkerRegression" name="test_chunker_parses_15_sections[TA-CAREER-KB-003]" time="0.000"><skipped type="pytest.skip" message="Article 'TA-CAREER-KB-003' not present in this DB (data dependency; tests that require seeded KB content skip on empty CI DBs).">/app/backend/tests/test_kb_section_diagnostic.py:100: Article 'TA-CAREER-KB-003' not present in this DB (data dependency; tests that require seeded KB content skip on empty CI DBs).</skipped></testcase><testcase classname="tests.test_kb_section_diagnostic.TestChunkerRegression" name="test_chunker_parses_15_sections[TA-CAREER-KB-004]" time="0.000"><skipped type="pytest.skip" message="Article 'TA-CAREER-KB-004' not present in this DB (data dependency; tests that require seeded KB content skip on empty CI DBs).">/app/backend/tests/test_kb_section_diagnostic.py:100: Article 'TA-CAREER-KB-004' not present in this DB (data dependency; tests that require seeded KB content skip on empty CI DBs).</skipped></testcase><testcase classname="tests.test_kb_section_diagnostic.TestChunkerRegression" name="test_chunker_parses_15_sections[TA-CAREER-KB-005]" time="0.000"><skipped type="pytest.skip" message="Article 'TA-CAREER-KB-005' not present in this DB (data dependency; tests that require seeded KB content skip on empty CI DBs).">/app/backend/tests/test_kb_section_diagnostic.py:100: Article 'TA-CAREER-KB-005' not present in this DB (data dependency; tests that require seeded KB content skip on empty CI DBs).</skipped></testcase><testcase classname="tests.test_kb_section_diagnostic.TestChunkerRegression" name="test_chunker_parses_15_sections[TA-CAREER-KB-006]" time="0.000"><skipped type="pytest.skip" message="Article 'TA-CAREER-KB-006' not present in this DB (data dependency; tests that require seeded KB content skip on empty CI DBs).">/app/backend/tests/test_kb_section_diagnostic.py:100: Article 'TA-CAREER-KB-006' not present in this DB (data dependency; tests that require seeded KB content skip on empty CI DBs).</skipped></testcase><testcase classname="tests.test_kb_section_diagnostic.TestReindexRegression" name="test_reindex_hcm_core_001" time="0.000"><skipped type="pytest.skip" message="Article 'HCM-CORE-KB-001' not present in this DB (data dependency; tests that require seeded KB content skip on empty CI DBs).">/app/backend/tests/test_kb_section_diagnostic.py:100: Article 'HCM-CORE-KB-001' not present in this DB (data dependency; tests that require seeded KB content skip on empty CI DBs).</skipped></testcase><testcase classname="tests.test_kb_section_diagnostic.TestReindexRegression" name="test_reindex_unknown_returns_404" time="0.060" /><testcase classname="tests.test_kb_section_diagnostic.TestAskRegression" name="test_ask_returns_contract_shape" time="0.073" /><testcase classname="tests.test_kb_section_diagnostic.TestAskRegression" name="test_ask_graceful_fallback_no_voyage_key" time="0.064" /><testcase classname="tests.test_kb_section_diagnostic.TestAskRegression" name="test_ask_rejects_empty_question" time="0.043" /></testsuite></testsuites>