<?xml version="1.0" encoding="utf-8"?><testsuites name="pytest tests"><testsuite name="pytest" errors="0" failures="0" skipped="0" tests="22" time="1.478" timestamp="2026-07-06T20:26:27.423453+00:00" hostname="agent-env-7a9f7c47-2316-47f1-998a-24f6a1544802"><testcase classname="tests.test_kb_section_diagnostic.TestSectionDiagnosticHappyPath" name="test_returns_expected_shape" time="0.503" /><testcase classname="tests.test_kb_section_diagnostic.TestSectionDiagnosticHappyPath" name="test_ta_career_001_parses_cleanly" time="0.049" /><testcase classname="tests.test_kb_section_diagnostic.TestSectionDiagnosticHappyPath" name="test_all_ta_career_articles_parse_to_15[TA-CAREER-KB-001]" time="0.049" /><testcase classname="tests.test_kb_section_diagnostic.TestSectionDiagnosticHappyPath" name="test_all_ta_career_articles_parse_to_15[TA-CAREER-KB-002]" time="0.049" /><testcase classname="tests.test_kb_section_diagnostic.TestSectionDiagnosticHappyPath" name="test_all_ta_career_articles_parse_to_15[TA-CAREER-KB-003]" time="0.051" /><testcase classname="tests.test_kb_section_diagnostic.TestSectionDiagnosticHappyPath" name="test_all_ta_career_articles_parse_to_15[TA-CAREER-KB-004]" time="0.057" /><testcase classname="tests.test_kb_section_diagnostic.TestSectionDiagnosticHappyPath" name="test_all_ta_career_articles_parse_to_15[TA-CAREER-KB-005]" time="0.050" /><testcase classname="tests.test_kb_section_diagnostic.TestSectionDiagnosticHappyPath" name="test_all_ta_career_articles_parse_to_15[TA-CAREER-KB-006]" time="0.052" /><testcase classname="tests.test_kb_section_diagnostic.TestSectionDiagnosticAuth" name="test_unauthenticated_returns_401" time="0.052" /><testcase classname="tests.test_kb_section_diagnostic.TestSectionDiagnosticAuth" name="test_bad_token_returns_401" time="0.047" /><testcase classname="tests.test_kb_section_diagnostic.TestSectionDiagnosticNotFound" name="test_missing_ref_returns_404" time="0.052" /><testcase classname="tests.test_kb_section_diagnostic.TestChunkerRegression" name="test_chunker_parses_15_sections[TA-CAREER-KB-001]" time="0.080" /><testcase classname="tests.test_kb_section_diagnostic.TestChunkerRegression" name="test_chunker_parses_15_sections[TA-CAREER-KB-002]" time="0.004" /><testcase classname="tests.test_kb_section_diagnostic.TestChunkerRegression" name="test_chunker_parses_15_sections[TA-CAREER-KB-003]" time="0.004" /><testcase classname="tests.test_kb_section_diagnostic.TestChunkerRegression" name="test_chunker_parses_15_sections[TA-CAREER-KB-004]" time="0.004" /><testcase classname="tests.test_kb_section_diagnostic.TestChunkerRegression" name="test_chunker_parses_15_sections[TA-CAREER-KB-005]" time="0.004" /><testcase classname="tests.test_kb_section_diagnostic.TestChunkerRegression" name="test_chunker_parses_15_sections[TA-CAREER-KB-006]" time="0.004" /><testcase classname="tests.test_kb_section_diagnostic.TestReindexRegression" name="test_reindex_hcm_core_001" time="0.088" /><testcase classname="tests.test_kb_section_diagnostic.TestReindexRegression" name="test_reindex_unknown_returns_404" time="0.051" /><testcase classname="tests.test_kb_section_diagnostic.TestAskRegression" name="test_ask_returns_contract_shape" time="0.067" /><testcase classname="tests.test_kb_section_diagnostic.TestAskRegression" name="test_ask_graceful_fallback_no_voyage_key" time="0.067" /><testcase classname="tests.test_kb_section_diagnostic.TestAskRegression" name="test_ask_rejects_empty_question" time="0.048" /></testsuite></testsuites>