<?xml version="1.0" encoding="utf-8"?><testsuites name="pytest tests"><testsuite name="pytest" errors="0" failures="0" skipped="0" tests="17" time="5.447" timestamp="2026-06-09T03:57:39.884676+00:00" hostname="agent-env-7a9f7c47-2316-47f1-998a-24f6a1544802"><testcase classname="backend.tests.test_kb_p0.TestKBCreate" name="test_practitioner_publish" time="1.069" /><testcase classname="backend.tests.test_kb_p0.TestKBCreate" name="test_practitioner_draft" time="0.257" /><testcase classname="backend.tests.test_kb_p0.TestKBCreate" name="test_aspirant_forbidden" time="0.480" /><testcase classname="backend.tests.test_kb_p0.TestKBCreate" name="test_validation_title" time="0.106" /><testcase classname="backend.tests.test_kb_p0.TestKBCreate" name="test_validation_summary" time="0.110" /><testcase classname="backend.tests.test_kb_p0.TestKBCreate" name="test_validation_body" time="0.103" /><testcase classname="backend.tests.test_kb_p0.TestKBCreate" name="test_missing_category" time="0.140" /><testcase classname="backend.tests.test_kb_p0.TestKBMine" name="test_returns_user_docs_incl_drafts" time="0.137" /><testcase classname="backend.tests.test_kb_p0.TestKBMine" name="test_requires_auth" time="0.132" /><testcase classname="backend.tests.test_kb_p0.TestAdminKB" name="test_stats" time="0.118" /><testcase classname="backend.tests.test_kb_p0.TestAdminKB" name="test_list_filters" time="0.715" /><testcase classname="backend.tests.test_kb_p0.TestAdminKB" name="test_patch_toggle_publish_and_feature" time="0.594" /><testcase classname="backend.tests.test_kb_p0.TestAdminKB" name="test_delete_doc" time="0.379" /><testcase classname="backend.tests.test_kb_p0.TestAdminKB" name="test_categories_list" time="0.105" /><testcase classname="backend.tests.test_kb_p0.TestAdminKB" name="test_category_create_and_duplicate" time="0.209" /><testcase classname="backend.tests.test_kb_p0.TestAdminKB" name="test_category_patch" time="0.113" /><testcase classname="backend.tests.test_kb_p0.TestAdminKB" name="test_admin_requires_admin" time="0.615" /></testsuite></testsuites>