<?xml version="1.0" encoding="utf-8"?><testsuites name="pytest tests"><testsuite name="pytest" errors="0" failures="0" skipped="0" tests="141" time="11.758" timestamp="2026-06-28T16:16:57.175936+00:00" hostname="agent-env-7a9f7c47-2316-47f1-998a-24f6a1544802"><testcase classname="tests.test_contact_rate_limit" name="test_first_five_hits_pass" time="0.000" /><testcase classname="tests.test_contact_rate_limit" name="test_sixth_hit_raises_429" time="0.000" /><testcase classname="tests.test_contact_rate_limit" name="test_limit_is_per_ip" time="0.000" /><testcase classname="tests.test_contact_rate_limit" name="test_client_ip_prefers_x_forwarded_for" time="0.000" /><testcase classname="tests.test_contact_rate_limit" name="test_client_ip_handles_missing_client" time="0.000" /><testcase classname="tests.test_event_recurrence" name="test_next_weekly_rolls_forward_to_first_future_occurrence" time="0.000" /><testcase classname="tests.test_event_recurrence" name="test_next_monthly_handles_day_clamp" time="0.000" /><testcase classname="tests.test_event_recurrence" name="test_next_monthly_nth_weekday_preserves_nth_position" time="0.000" /><testcase classname="tests.test_event_recurrence" name="test_next_returns_seed_when_seed_is_in_future" time="0.000" /><testcase classname="tests.test_event_recurrence" name="test_validation_rejects_event_with_no_date_and_no_on_demand" time="0.000" /><testcase classname="tests.test_event_recurrence" name="test_validation_allows_on_demand_with_no_date" time="0.000" /><testcase classname="tests.test_event_recurrence" name="test_validation_rejects_recurring_without_rule" time="0.000" /><testcase classname="tests.test_event_recurrence" name="test_validation_rejects_recurring_and_on_demand_together" time="0.000" /><testcase classname="tests.test_event_recurrence" name="test_validation_clears_recurrence_fields_when_not_recurring" time="0.000" /><testcase classname="tests.test_event_recurrence" name="test_dmv_monthly_forum_stays_upcoming_with_correct_next_date" time="0.000" /><testcase classname="tests.test_event_recurrence" name="test_on_demand_event_never_falls_into_past" time="0.000" /><testcase classname="tests.test_event_recurrence" name="test_sort_pushes_on_demand_to_end" time="0.000" /><testcase classname="tests.test_event_recurrence" name="test_recurring_with_past_recurrence_end_is_past" time="0.000" /><testcase classname="tests.test_event_scraper" name="test_parse_jsonld_event_extracts_all_fields" time="0.000" /><testcase classname="tests.test_event_scraper" name="test_parse_jsonld_handles_graph_wrapper" time="0.000" /><testcase classname="tests.test_event_scraper" name="test_parse_jsonld_ignores_non_events" time="0.000" /><testcase classname="tests.test_event_scraper" name="test_parse_jsonld_swallows_bad_json" time="0.000" /><testcase classname="tests.test_event_scraper" name="test_meta_finds_og_tags_in_both_orderings" time="0.000" /><testcase classname="tests.test_event_scraper" name="test_regex_date_picks_iso_first" time="0.000" /><testcase classname="tests.test_event_scraper" name="test_regex_date_textual_long_month" time="0.000" /><testcase classname="tests.test_event_scraper" name="test_regex_date_textual_short_month_no_comma" time="0.000" /><testcase classname="tests.test_event_scraper" name="test_regex_date_ordinal_suffix" time="0.000" /><testcase classname="tests.test_event_scraper" name="test_event_type_inference" time="0.000" /><testcase classname="tests.test_event_scraper" name="test_format_location_string_passthrough" time="0.000" /><testcase classname="tests.test_event_scraper" name="test_iso_date_invalid_returns_none" time="0.000" /><testcase classname="tests.test_eventbrite_scraper" name="test_curated_lists_are_present_and_typed" time="0.000" /><testcase classname="tests.test_eventbrite_scraper" name="test_organizer_id_parses_trailing_digits" time="0.000" /><testcase classname="tests.test_eventbrite_scraper" name="test_organizer_id_returns_none_for_invalid_url" time="0.000" /><testcase classname="tests.test_eventbrite_scraper" name="test_venue_to_location_joins_name_city_region" time="0.000" /><testcase classname="tests.test_eventbrite_scraper" name="test_venue_to_location_handles_missing_pieces" time="0.000" /><testcase classname="tests.test_eventbrite_scraper" name="test_normalize_eventbrite_event_full" time="0.000" /><testcase classname="tests.test_eventbrite_scraper" name="test_normalize_eventbrite_event_online" time="0.000" /><testcase classname="tests.test_eventbrite_scraper" name="test_normalize_eventbrite_event_falls_back_to_iso_time" time="0.000" /><testcase classname="tests.test_eventbrite_scraper" name="test_normalize_rejects_missing_essentials" time="0.000" /><testcase classname="tests.test_follow" name="test_anon_profile_has_follow_fields" time="0.209" /><testcase classname="tests.test_follow" name="test_follow_user_succeeds" time="1.028" /><testcase classname="tests.test_follow" name="test_unfollow_user_succeeds" time="0.585" /><testcase classname="tests.test_follow" name="test_cannot_follow_self" time="0.121" /><testcase classname="tests.test_follow" name="test_cannot_unfollow_self" time="0.105" /><testcase classname="tests.test_follow" name="test_duplicate_follow_is_idempotent" time="0.428" /><testcase classname="tests.test_follow" name="test_follow_unknown_user_404" time="0.103" /><testcase classname="tests.test_follow" name="test_follow_requires_auth" time="0.205" /><testcase classname="tests.test_follow" name="test_other_users_following_state_not_leaked" time="0.751" /><testcase classname="tests.test_hcmorbit_backend" name="test_root" time="0.094" /><testcase classname="tests.test_hcmorbit_backend" name="test_spaces_seeded" time="0.097" /><testcase classname="tests.test_hcmorbit_backend" name="test_space_detail" time="0.044" /><testcase classname="tests.test_hcmorbit_backend" name="test_space_not_found" time="0.045" /><testcase classname="tests.test_hcmorbit_backend" name="test_list_posts" time="0.048" /><testcase classname="tests.test_hcmorbit_backend" name="test_posts_filter_type" time="0.048" /><testcase classname="tests.test_hcmorbit_backend" name="test_posts_filter_space" time="0.044" /><testcase classname="tests.test_hcmorbit_backend" name="test_posts_sort_top" time="0.054" /><testcase classname="tests.test_hcmorbit_backend" name="test_posts_unanswered" time="0.049" /><testcase classname="tests.test_hcmorbit_backend" name="test_login_wrong_password" time="0.264" /><testcase classname="tests.test_hcmorbit_backend" name="test_login_success_returns_user_and_token" time="0.264" /><testcase classname="tests.test_hcmorbit_backend" name="test_me_with_token" time="0.313" /><testcase classname="tests.test_hcmorbit_backend" name="test_me_without_token" time="0.095" /><testcase classname="tests.test_hcmorbit_backend" name="test_check_username_taken" time="0.045" /><testcase classname="tests.test_hcmorbit_backend" name="test_check_username_available" time="0.043" /><testcase classname="tests.test_hcmorbit_backend" name="test_register_and_duplicate" time="0.349" /><testcase classname="tests.test_hcmorbit_backend" name="test_profile_setup_flow" time="0.363" /><testcase classname="tests.test_hcmorbit_backend" name="test_get_post_detail" time="0.143" /><testcase classname="tests.test_hcmorbit_backend" name="test_get_answers_sorted" time="0.092" /><testcase classname="tests.test_hcmorbit_backend" name="test_create_post_validation" time="0.354" /><testcase classname="tests.test_hcmorbit_backend" name="test_create_post_success" time="0.048" /><testcase classname="tests.test_hcmorbit_backend" name="test_create_answer_min_length" time="0.351" /><testcase classname="tests.test_hcmorbit_backend" name="test_answer_increments_count" time="0.142" /><testcase classname="tests.test_hcmorbit_backend" name="test_vote_on_own_content_blocked" time="0.047" /><testcase classname="tests.test_hcmorbit_backend" name="test_vote_toggle_behavior" time="0.151" /><testcase classname="tests.test_hcmorbit_backend" name="test_votes_me" time="0.048" /><testcase classname="tests.test_hcmorbit_backend" name="test_accept_answer" time="0.135" /><testcase classname="tests.test_hcmorbit_backend" name="test_community_stats" time="0.045" /><testcase classname="tests.test_hcmorbit_backend" name="test_top_contributors" time="0.042" /><testcase classname="tests.test_hcmorbit_backend" name="test_recent_activity" time="0.046" /><testcase classname="tests.test_hcmorbit_backend" name="test_tag_cloud" time="0.050" /><testcase classname="tests.test_hcmorbit_backend" name="test_user_profile" time="0.046" /><testcase classname="tests.test_hcmorbit_backend" name="test_notifications_flow" time="0.091" /><testcase classname="tests.test_kb_sub_module_parity" name="test_kb_docs_sub_filter_trims_whitespace" time="0.029" /><testcase classname="tests.test_kb_sub_module_parity" name="test_kb_submodules_excludes_empty_and_trims" time="0.009" /><testcase classname="tests.test_meetup_scraper" name="test_is_relevant_picks_workday_and_hcm_signals" time="0.000" /><testcase classname="tests.test_meetup_scraper" name="test_is_relevant_filters_out_unrelated" time="0.000" /><testcase classname="tests.test_meetup_scraper" name="test_parse_jsonld_events_from_html_finds_two" time="0.001" /><testcase classname="tests.test_meetup_scraper" name="test_normalize_graphql_event_flattens_nested_fields" time="0.000" /><testcase classname="tests.test_meetup_scraper" name="test_finalize_doc_rejects_missing_essentials" time="0.000" /><testcase classname="tests.test_meetup_scraper" name="test_finalize_doc_inserts_event_type" time="0.000" /><testcase classname="tests.test_password_reset" name="test_forgot_password_unknown_email_returns_200" time="0.180" /><testcase classname="tests.test_password_reset" name="test_forgot_password_known_email_creates_token" time="0.432" /><testcase classname="tests.test_password_reset" name="test_reset_password_invalid_token_400" time="0.133" /><testcase classname="tests.test_password_reset" name="test_reset_password_too_short_400" time="0.526" /><testcase classname="tests.test_password_reset" name="test_reset_password_full_round_trip" time="1.717" /><testcase classname="tests.test_password_reset" name="test_reset_password_expired_token_400" time="0.555" /><testcase classname="tests.test_password_reset_sender" name="test_default_password_reset_sender_is_support" time="0.001" /><testcase classname="tests.test_password_reset_sender" name="test_password_reset_sender_overridable_via_env" time="0.000" /><testcase classname="tests.test_password_reset_sender" name="test_welcome_sender_is_independent_of_password_reset_sender" time="0.001" /><testcase classname="tests.test_password_reset_sender" name="test_password_reset_email_uses_generic_team_signature_not_founder" time="0.000" /><testcase classname="tests.test_rug_scraper" name="test_iso_date_textual_and_iso" time="0.000" /><testcase classname="tests.test_rug_scraper" name="test_time_from_iso" time="0.000" /><testcase classname="tests.test_rug_scraper" name="test_event_type_inference_defaults_to_rug" time="0.000" /><testcase classname="tests.test_rug_scraper" name="test_format_location_handles_dict_and_string" time="0.000" /><testcase classname="tests.test_rug_scraper" name="test_format_organizer_handles_dict_and_string" time="0.000" /><testcase classname="tests.test_rug_scraper" name="test_parse_jsonld_single_event" time="0.001" /><testcase classname="tests.test_rug_scraper" name="test_parse_jsonld_graph_wrapper_picks_event_only" time="0.000" /><testcase classname="tests.test_rug_scraper" name="test_build_event_doc_full_extraction" time="0.000" /><testcase classname="tests.test_rug_scraper" name="test_build_event_doc_missing_date_returns_none" time="0.000" /><testcase classname="tests.test_rug_scraper" name="test_heuristic_extract_finds_event_anchor" time="0.001" /><testcase classname="tests.test_stats_parity" name="test_stats_kb_articles_matches_kb_docs_listing" time="0.009" /><testcase classname="tests.test_stats_parity" name="test_stats_modules_matches_categories_listing" time="0.010" /><testcase classname="tests.test_stats_parity" name="test_stats_posts_excludes_removed" time="0.007" /><testcase classname="tests.test_stats_parity" name="test_stats_events_matches_public_events_filter" time="0.022" /><testcase classname="tests.test_stats_parity" name="test_stats_community_news_unfiltered" time="0.007" /><testcase classname="tests.test_stats_parity" name="test_active_today_does_not_use_onboarded_flag" time="0.007" /><testcase classname="tests.test_submit_rate_limit" name="test_client_ip_prefers_x_forwarded_for" time="0.000" /><testcase classname="tests.test_submit_rate_limit" name="test_client_ip_falls_back_to_remote_addr" time="0.000" /><testcase classname="tests.test_submit_rate_limit" name="test_client_ip_handles_missing_client" time="0.000" /><testcase classname="tests.test_submit_rate_limit" name="test_first_five_hits_pass" time="0.000" /><testcase classname="tests.test_submit_rate_limit" name="test_sixth_hit_raises_429_with_message" time="0.000" /><testcase classname="tests.test_submit_rate_limit" name="test_limit_is_per_ip" time="0.000" /><testcase classname="tests.test_submit_rate_limit" name="test_expired_timestamps_release_quota" time="0.000" /><testcase classname="tests.test_submit_rate_limit" name="test_blocked_ip_does_not_grow_unbounded" time="0.000" /><testcase classname="tests.test_template_sync" name="test_subject_lines_in_sync[1-Welcome to HCMOrbit]" time="0.001" /><testcase classname="tests.test_template_sync" name="test_subject_lines_in_sync[2-Top 5 resources every Workday professional should know]" time="0.000" /><testcase classname="tests.test_template_sync" name="test_subject_lines_in_sync[3-What's your biggest Workday challenge?]" time="0.000" /><testcase classname="tests.test_template_sync" name="test_cta_labels_in_sync[Quick ask:]" time="0.000" /><testcase classname="tests.test_template_sync" name="test_cta_labels_in_sync[Pro tip:]" time="0.000" /><testcase classname="tests.test_template_sync" name="test_cta_labels_in_sync[Hit reply]" time="0.000" /><testcase classname="tests.test_template_sync" name="test_founder_quote_in_sync" time="0.000" /><testcase classname="tests.test_template_sync" name="test_signature_block_in_sync" time="0.000" /><testcase classname="tests.test_template_sync" name="test_header_branding_in_sync" time="0.000" /><testcase classname="tests.test_template_sync" name="test_footer_in_sync" time="0.000" /><testcase classname="tests.test_template_sync" name="test_brand_color_tokens_in_sync" time="0.000" /><testcase classname="tests.test_template_sync" name="test_resource_card_count_in_sync" time="0.000" /><testcase classname="tests.test_welcome_emails" name="test_email_1_template_contains_required_copy" time="0.000" /><testcase classname="tests.test_welcome_emails" name="test_branded_visual_design_applied_to_all_emails" time="0.000" /><testcase classname="tests.test_welcome_emails" name="test_email_2_template_contains_top_5_resources" time="0.000" /><testcase classname="tests.test_welcome_emails" name="test_email_3_template_asks_about_challenge" time="0.000" /><testcase classname="tests.test_welcome_emails" name="test_process_welcome_queue_selects_only_eligible" time="0.042" /><testcase classname="tests.test_welcome_emails" name="test_process_welcome_queue_idempotent" time="0.004" /></testsuite></testsuites>