<?xml version="1.0" encoding="utf-8"?><testsuites name="pytest tests"><testsuite name="pytest" errors="0" failures="0" skipped="0" tests="33" time="4.411" timestamp="2026-06-08T01:27:42.892181+00:00" hostname="agent-env-7a9f7c47-2316-47f1-998a-24f6a1544802"><testcase classname="backend.tests.test_hcmorbit_backend" name="test_root" time="0.138" /><testcase classname="backend.tests.test_hcmorbit_backend" name="test_spaces_seeded" time="0.111" /><testcase classname="backend.tests.test_hcmorbit_backend" name="test_space_detail" time="0.052" /><testcase classname="backend.tests.test_hcmorbit_backend" name="test_space_not_found" time="0.052" /><testcase classname="backend.tests.test_hcmorbit_backend" name="test_list_posts" time="0.055" /><testcase classname="backend.tests.test_hcmorbit_backend" name="test_posts_filter_type" time="0.052" /><testcase classname="backend.tests.test_hcmorbit_backend" name="test_posts_filter_space" time="0.051" /><testcase classname="backend.tests.test_hcmorbit_backend" name="test_posts_sort_top" time="0.051" /><testcase classname="backend.tests.test_hcmorbit_backend" name="test_posts_unanswered" time="0.050" /><testcase classname="backend.tests.test_hcmorbit_backend" name="test_login_wrong_password" time="0.289" /><testcase classname="backend.tests.test_hcmorbit_backend" name="test_login_success_returns_user_and_token" time="0.269" /><testcase classname="backend.tests.test_hcmorbit_backend" name="test_me_with_token" time="0.326" /><testcase classname="backend.tests.test_hcmorbit_backend" name="test_me_without_token" time="0.157" /><testcase classname="backend.tests.test_hcmorbit_backend" name="test_check_username_taken" time="0.048" /><testcase classname="backend.tests.test_hcmorbit_backend" name="test_check_username_available" time="0.050" /><testcase classname="backend.tests.test_hcmorbit_backend" name="test_register_and_duplicate" time="0.328" /><testcase classname="backend.tests.test_hcmorbit_backend" name="test_profile_setup_flow" time="0.383" /><testcase classname="backend.tests.test_hcmorbit_backend" name="test_get_post_detail" time="0.149" /><testcase classname="backend.tests.test_hcmorbit_backend" name="test_get_answers_sorted" time="0.102" /><testcase classname="backend.tests.test_hcmorbit_backend" name="test_create_post_validation" time="0.384" /><testcase classname="backend.tests.test_hcmorbit_backend" name="test_create_post_success" time="0.048" /><testcase classname="backend.tests.test_hcmorbit_backend" name="test_create_answer_min_length" time="0.324" /><testcase classname="backend.tests.test_hcmorbit_backend" name="test_answer_increments_count" time="0.113" /><testcase classname="backend.tests.test_hcmorbit_backend" name="test_vote_on_own_content_blocked" time="0.049" /><testcase classname="backend.tests.test_hcmorbit_backend" name="test_vote_toggle_behavior" time="0.154" /><testcase classname="backend.tests.test_hcmorbit_backend" name="test_votes_me" time="0.050" /><testcase classname="backend.tests.test_hcmorbit_backend" name="test_accept_answer" time="0.153" /><testcase classname="backend.tests.test_hcmorbit_backend" name="test_community_stats" time="0.047" /><testcase classname="backend.tests.test_hcmorbit_backend" name="test_top_contributors" time="0.048" /><testcase classname="backend.tests.test_hcmorbit_backend" name="test_recent_activity" time="0.048" /><testcase classname="backend.tests.test_hcmorbit_backend" name="test_tag_cloud" time="0.056" /><testcase classname="backend.tests.test_hcmorbit_backend" name="test_user_profile" time="0.050" /><testcase classname="backend.tests.test_hcmorbit_backend" name="test_notifications_flow" time="0.100" /></testsuite></testsuites>